<?xml version="1.0" encoding="UTF-8"?>
<!-- Generated by org.testng.reporters.JUnitReportReporter -->
<testsuite skipped="0" hostname="DESKTOP-IQISSAG" name="com.employeecheck.testcases.TC001_GetAllEmployees" tests="4" failures="0" timestamp="2019-12-27T16:32:06 IST" time="0.025" errors="0">
  <testcase name="checkStatusCode" time="0.001" classname="com.employeecheck.testcases.TC001_GetAllEmployees"/>
  <testcase name="checkResponseTime" time="0.001" classname="com.employeecheck.testcases.TC001_GetAllEmployees"/>
  <testcase name="checkResponseBody" time="0.022" classname="com.employeecheck.testcases.TC001_GetAllEmployees"/>
  <testcase name="checkServerType" time="0.001" classname="com.employeecheck.testcases.TC001_GetAllEmployees"/>
</testsuite> <!-- com.employeecheck.testcases.TC001_GetAllEmployees -->
