<?xml version="1.0" encoding="UTF-8"?>
<testng-results skipped="0" failed="0" ignored="0" total="0" passed="0">
  <reporter-output>
  </reporter-output>
  <suite name="com.employeecheck.base.TestBase" duration-ms="7" started-at="2019-12-27T16:31:22 IST" finished-at="2019-12-27T16:31:22 IST">
    <groups>
    </groups>
    <test name="Command line test" duration-ms="7" started-at="2019-12-27T16:31:22 IST" finished-at="2019-12-27T16:31:22 IST">
    </test> <!-- Command line test -->
  </suite> <!-- com.employeecheck.base.TestBase -->
</testng-results>
